06-May-2021 15:39:52.605 信息 [main] org.apache.catalina.startup.VersionLoggerListener.log Server.服务器版本: Apache Tomcat/9.0.45
06-May-2021 15:39:52.613 信息 [main] org.apache.catalina.startup.VersionLoggerListener.log 服务器构建:        Mar 30 2021 10:29:04 UTC
06-May-2021 15:39:52.614 信息 [main] org.apache.catalina.startup.VersionLoggerListener.log 服务器版本号:      9.0.45.0
06-May-2021 15:39:52.614 信息 [main] org.apache.catalina.startup.VersionLoggerListener.log 操作系统名称:      Mac OS X
06-May-2021 15:39:52.614 信息 [main] org.apache.catalina.startup.VersionLoggerListener.log OS.版本:           10.15.7
06-May-2021 15:39:52.614 信息 [main] org.apache.catalina.startup.VersionLoggerListener.log 架构:              x86_64
06-May-2021 15:39:52.614 信息 [main] org.apache.catalina.startup.VersionLoggerListener.log Java 环境变量:     /Library/Java/JavaVirtualMachines/jdk-13.0.2.jdk/Contents/Home
06-May-2021 15:39:52.615 信息 [main] org.apache.catalina.startup.VersionLoggerListener.log Java虚拟机版本:    13.0.2+8
06-May-2021 15:39:52.615 信息 [main] org.apache.catalina.startup.VersionLoggerListener.log JVM.供应商:        Oracle Corporation
06-May-2021 15:39:52.615 信息 [main] org.apache.catalina.startup.VersionLoggerListener.log CATALINA_BASE:     /Users/apple/Desktop/apache-tomcat-9.0.45
06-May-2021 15:39:52.615 信息 [main] org.apache.catalina.startup.VersionLoggerListener.log CATALINA_HOME:     /Users/apple/Desktop/apache-tomcat-9.0.45
06-May-2021 15:39:52.726 信息 [main] org.apache.catalina.startup.VersionLoggerListener.log 命令行参数：       --add-opens=java.base/java.lang=ALL-UNNAMED
06-May-2021 15:39:52.727 信息 [main] org.apache.catalina.startup.VersionLoggerListener.log 命令行参数：       --add-opens=java.base/java.io=ALL-UNNAMED
06-May-2021 15:39:52.727 信息 [main] org.apache.catalina.startup.VersionLoggerListener.log 命令行参数：       --add-opens=java.base/java.util=ALL-UNNAMED
06-May-2021 15:39:52.727 信息 [main] org.apache.catalina.startup.VersionLoggerListener.log 命令行参数：       --add-opens=java.base/java.util.concurrent=ALL-UNNAMED
06-May-2021 15:39:52.727 信息 [main] org.apache.catalina.startup.VersionLoggerListener.log 命令行参数：       --add-opens=java.rmi/sun.rmi.transport=ALL-UNNAMED
06-May-2021 15:39:52.727 信息 [main] org.apache.catalina.startup.VersionLoggerListener.log 命令行参数：       -Djava.util.logging.config.file=/Users/apple/Desktop/apache-tomcat-9.0.45/conf/logging.properties
06-May-2021 15:39:52.728 信息 [main] org.apache.catalina.startup.VersionLoggerListener.log 命令行参数：       -Djava.util.logging.manager=org.apache.juli.ClassLoaderLogManager
06-May-2021 15:39:52.728 信息 [main] org.apache.catalina.startup.VersionLoggerListener.log 命令行参数：       -Djdk.tls.ephemeralDHKeySize=2048
06-May-2021 15:39:52.728 信息 [main] org.apache.catalina.startup.VersionLoggerListener.log 命令行参数：       -Djava.protocol.handler.pkgs=org.apache.catalina.webresources
06-May-2021 15:39:52.728 信息 [main] org.apache.catalina.startup.VersionLoggerListener.log 命令行参数：       -Dorg.apache.catalina.security.SecurityListener.UMASK=0027
06-May-2021 15:39:52.728 信息 [main] org.apache.catalina.startup.VersionLoggerListener.log 命令行参数：       -Dignore.endorsed.dirs=
06-May-2021 15:39:52.728 信息 [main] org.apache.catalina.startup.VersionLoggerListener.log 命令行参数：       -Dcatalina.base=/Users/apple/Desktop/apache-tomcat-9.0.45
06-May-2021 15:39:52.729 信息 [main] org.apache.catalina.startup.VersionLoggerListener.log 命令行参数：       -Dcatalina.home=/Users/apple/Desktop/apache-tomcat-9.0.45
06-May-2021 15:39:52.729 信息 [main] org.apache.catalina.startup.VersionLoggerListener.log 命令行参数：       -Djava.io.tmpdir=/Users/apple/Desktop/apache-tomcat-9.0.45/temp
06-May-2021 15:39:52.739 信息 [main] org.apache.catalina.core.AprLifecycleListener.lifecycleEvent 在java.library.path:[/Users/apple/Library/Java/Extensions:/Library/Java/Extensions:/Network/Library/Java/Extensions:/System/Library/Java/Extensions:/usr/lib/java:.]上找不到基于APR的Apache Tomcat本机库，该库允许在生产环境中获得最佳性能
06-May-2021 15:39:53.798 信息 [main] org.apache.coyote.AbstractProtocol.init 初始化协议处理器 ["http-nio-8080"]
06-May-2021 15:39:53.901 信息 [main] org.apache.catalina.startup.Catalina.load 服务器在[2465]毫秒内初始化
06-May-2021 15:39:54.027 信息 [main] org.apache.catalina.core.StandardService.startInternal 正在启动服务[Catalina]
06-May-2021 15:39:54.028 信息 [main] org.apache.catalina.core.StandardEngine.startInternal 正在启动 Servlet 引擎：[Apache Tomcat/9.0.45]
06-May-2021 15:39:54.052 信息 [main] org.apache.catalina.startup.HostConfig.deployDirectory 把web 应用程序部署到目录 [/Users/apple/Desktop/apache-tomcat-9.0.45/webapps/docs]
06-May-2021 15:39:54.998 信息 [main] org.apache.catalina.startup.HostConfig.deployDirectory Web应用程序目录[/Users/apple/Desktop/apache-tomcat-9.0.45/webapps/docs]的部署已在[936]毫秒内完成
06-May-2021 15:39:55.002 信息 [main] org.apache.catalina.startup.HostConfig.deployDirectory 把web 应用程序部署到目录 [/Users/apple/Desktop/apache-tomcat-9.0.45/webapps/manager]
06-May-2021 15:39:55.091 信息 [main] org.apache.catalina.startup.HostConfig.deployDirectory Web应用程序目录[/Users/apple/Desktop/apache-tomcat-9.0.45/webapps/manager]的部署已在[89]毫秒内完成
06-May-2021 15:39:55.091 信息 [main] org.apache.catalina.startup.HostConfig.deployDirectory 把web 应用程序部署到目录 [/Users/apple/Desktop/apache-tomcat-9.0.45/webapps/examples]
06-May-2021 15:39:55.970 信息 [main] org.apache.catalina.startup.HostConfig.deployDirectory Web应用程序目录[/Users/apple/Desktop/apache-tomcat-9.0.45/webapps/examples]的部署已在[879]毫秒内完成
06-May-2021 15:39:55.971 信息 [main] org.apache.catalina.startup.HostConfig.deployDirectory 把web 应用程序部署到目录 [/Users/apple/Desktop/apache-tomcat-9.0.45/webapps/ROOT]
06-May-2021 15:39:56.008 信息 [main] org.apache.catalina.startup.HostConfig.deployDirectory Web应用程序目录[/Users/apple/Desktop/apache-tomcat-9.0.45/webapps/ROOT]的部署已在[37]毫秒内完成
06-May-2021 15:39:56.008 信息 [main] org.apache.catalina.startup.HostConfig.deployDirectory 把web 应用程序部署到目录 [/Users/apple/Desktop/apache-tomcat-9.0.45/webapps/host-manager]
06-May-2021 15:39:56.049 信息 [main] org.apache.catalina.startup.HostConfig.deployDirectory Web应用程序目录[/Users/apple/Desktop/apache-tomcat-9.0.45/webapps/host-manager]的部署已在[40]毫秒内完成
06-May-2021 15:39:56.058 信息 [main] org.apache.coyote.AbstractProtocol.start 开始协议处理句柄["http-nio-8080"]
06-May-2021 15:39:56.080 信息 [main] org.apache.catalina.startup.Catalina.start [2178]毫秒后服务器启动
06-May-2021 15:46:29.005 信息 [main] org.apache.catalina.core.StandardServer.await 通过关闭端口接收到有效的关闭命令。正在停止服务器实例。
06-May-2021 15:46:29.012 信息 [main] org.apache.coyote.AbstractProtocol.pause 暂停ProtocolHandler["http-nio-8080"]
06-May-2021 15:46:29.042 信息 [main] org.apache.catalina.core.StandardService.stopInternal 正在停止服务[Catalina]
06-May-2021 15:46:29.130 信息 [main] org.apache.coyote.AbstractProtocol.stop 正在停止ProtocolHandler ["http-nio-8080"]
06-May-2021 15:46:29.166 信息 [main] org.apache.coyote.AbstractProtocol.destroy 正在摧毁协议处理器 ["http-nio-8080"]
